<?xml version="1.0" encoding="UTF-8"?>
<!-- Generated by org.testng.reporters.JUnitReportReporter -->
<testsuite hostname="wetechnolabs13" failures="0" tests="2" name="TestPackage.TestCase_CreateAPILeads" time="66.332" errors="0" timestamp="2024-09-26T03:49:28 GMT-04:00" skipped="0">
  <testcase classname="TestPackage.TestCase_CreateAPILeads" name="Verify_Pom_ProjectSetting_CreateAPILeads" time="12.947"/>
  <system-out/>
  <testcase classname="TestPackage.TestCase_CreateAPILeads" name="Verify_Pom_ProjectSetting_ALL_API_Leads" time="53.385"/>
  <system-out/>
</testsuite> <!-- TestPackage.TestCase_CreateAPILeads -->
