<?xml version="1.0" encoding="UTF-8"?>
<!-- Generated by org.testng.reporters.JUnitReportReporter -->
<testsuite hostname="wetechnolabs13" failures="0" tests="2" name="TestPackage.TestCase_ProjectSetting_Bucket" time="77.019" errors="0" timestamp="2024-09-26T03:49:28 GMT-04:00" skipped="0">
  <testcase classname="TestPackage.TestCase_ProjectSetting_Bucket" name="Verify_Pom_ProjectSetting_Bucket_1" time="48.136"/>
  <system-out/>
  <testcase classname="TestPackage.TestCase_ProjectSetting_Bucket" name="Verify_Pom_ProjectSetting_Bucket_2" time="28.883"/>
  <system-out/>
</testsuite> <!-- TestPackage.TestCase_ProjectSetting_Bucket -->
