<?xml version="1.0" encoding="UTF-8"?>
<!-- Generated by org.testng.reporters.JUnitReportReporter -->
<testsuite hostname="ShilpaPande" failures="0" tests="1" name="TestPackage.Login_testCase" time="22.833" errors="0" timestamp="2024-10-08T23:04:18 IST" skipped="0">
  <testcase classname="TestPackage.Login_testCase" name="Verify_User_Can_Able_To_Login" time="22.833"/>
  <system-out/>
</testsuite> <!-- TestPackage.Login_testCase -->
