<?xml version="1.0" encoding="UTF-8"?>
<!-- Generated by org.testng.reporters.JUnitReportReporter -->
<testsuite hostname="wetechnolabs13" failures="0" tests="1" name="TestPackage.TestCase_ActivityLogs" time="16.742" errors="0" timestamp="2024-09-26T03:49:28 GMT-04:00" skipped="0">
  <testcase classname="TestPackage.TestCase_ActivityLogs" name="Verify_Pom_ActivityLogs" time="16.742"/>
  <system-out/>
</testsuite> <!-- TestPackage.TestCase_ActivityLogs -->
