<?xml version="1.0" encoding="UTF-8"?>
<!-- Generated by org.testng.reporters.JUnitReportReporter -->
<testsuite hostname="wetechnolabs13" failures="0" tests="1" name="TestPackage.TestCase_TM_User_HeaderSection" time="32.691" errors="0" timestamp="2024-09-24T07:49:51 GMT-04:00" skipped="0">
  <testcase classname="TestPackage.TestCase_TM_User_HeaderSection" name="verify_Pom_TM_User_Header_section_Profile_Dashboard" time="32.691"/>
  <system-out/>
</testsuite> <!-- TestPackage.TestCase_TM_User_HeaderSection -->
