<?xml version="1.0" encoding="UTF-8"?>
<!-- Generated by org.testng.reporters.JUnitReportReporter -->
<testsuite hostname="wetechnolabs13" failures="0" tests="2" name="TestPackage.TestCase_HeaderSection" time="83.000" errors="0" timestamp="2024-09-26T03:49:28 GMT-04:00" skipped="1">
  <testcase classname="TestPackage.TestCase_HeaderSection" name="Verify_User_Can_Check_the_header_section" time="53.180"/>
  <system-out/>
  <testcase classname="TestPackage.TestCase_HeaderSection" name="Verify_User_Can_Check_the_header_section" time="29.820">
    <skipped/>
  </testcase> <!-- Verify_User_Can_Check_the_header_section -->
  <system-out/>
</testsuite> <!-- TestPackage.TestCase_HeaderSection -->
