<?xml version="1.0" encoding="UTF-8"?>
<!-- Generated by org.testng.reporters.JUnitReportReporter -->
<testsuite hostname="wetechnolabs13" failures="0" tests="2" name="TestPackage.TestCase_All_projects" time="175.345" errors="0" timestamp="2024-09-26T03:49:28 GMT-04:00" skipped="1">
  <testcase classname="TestPackage.TestCase_All_projects" name="Verify_the_Pom_ProjectSetting_AllProjects" time="149.308"/>
  <system-out/>
  <testcase classname="TestPackage.TestCase_All_projects" name="Verify_the_Pom_ProjectSetting_AllProjects" time="26.037">
    <skipped/>
  </testcase> <!-- Verify_the_Pom_ProjectSetting_AllProjects -->
  <system-out/>
</testsuite> <!-- TestPackage.TestCase_All_projects -->
