<?xml version="1.0" encoding="UTF-8"?>
<!-- Generated by org.testng.reporters.JUnitReportReporter -->
<testsuite hostname="wetechnolabs13" failures="0" tests="1" name="TestPackage.TestCase_All_API_leads_distribution" time="10.770" errors="0" timestamp="2024-09-26T03:49:28 GMT-04:00" skipped="0">
  <testcase classname="TestPackage.TestCase_All_API_leads_distribution" name="Verify_the_Leads_distribution_From_ALL_Api" time="10.770"/>
  <system-out/>
</testsuite> <!-- TestPackage.TestCase_All_API_leads_distribution -->
