<?xml version="1.0" encoding="UTF-8"?>
<!-- Generated by org.testng.reporters.JUnitReportReporter -->
<testsuite hostname="wetechnolabs13" failures="0" tests="1" name="TestPackage.TestCase_Create_project" time="73.830" errors="0" timestamp="2024-09-26T05:26:04 GMT-04:00" skipped="0">
  <testcase classname="TestPackage.TestCase_Create_project" name="Verify_Pom_Create_project_1" time="73.830"/>
  <system-out/>
</testsuite> <!-- TestPackage.TestCase_Create_project -->
