<?xml version="1.0" encoding="UTF-8"?>
<!-- Generated by org.testng.reporters.JUnitReportReporter -->
<testsuite hostname="wetechnolabs13" failures="0" tests="1" name="TestPackage.TestCase_AccountSection" time="17.189" errors="0" timestamp="2024-09-26T03:49:28 GMT-04:00" skipped="0">
  <testcase classname="TestPackage.TestCase_AccountSection" name="verify_Pom_AccountSection_1" time="17.189"/>
  <system-out/>
</testsuite> <!-- TestPackage.TestCase_AccountSection -->
