<?xml version="1.0" encoding="UTF-8"?>
<!-- Generated by org.testng.reporters.JUnitReportReporter -->
<testsuite hostname="wetechnolabs13" failures="0" tests="1" name="TestPackage.TestCase_TM_User_Account_Section" time="24.633" errors="0" timestamp="2024-09-24T07:49:51 GMT-04:00" skipped="0">
  <testcase classname="TestPackage.TestCase_TM_User_Account_Section" name="verify_Pom_TM_User_Account_section" time="24.633"/>
  <system-out/>
</testsuite> <!-- TestPackage.TestCase_TM_User_Account_Section -->
