<?xml version="1.0" encoding="UTF-8"?>
<!-- Generated by org.testng.reporters.JUnitReportReporter -->
<testsuite hostname="wetechnolabs13" failures="0" tests="3" name="TestPackage.TestCase_TeamMemberSetting" time="167.425" errors="0" timestamp="2024-09-26T03:49:28 GMT-04:00" skipped="1">
  <testcase classname="TestPackage.TestCase_TeamMemberSetting" name="Verify_Pom_TeamMemberSetting_1" time="84.073"/>
  <system-out/>
  <testcase classname="TestPackage.TestCase_TeamMemberSetting" name="Verify_Pom_TeamMemberSetting_2" time="17.135">
    <skipped/>
  </testcase> <!-- Verify_Pom_TeamMemberSetting_2 -->
  <system-out/>
  <testcase classname="TestPackage.TestCase_TeamMemberSetting" name="Verify_Pom_TeamMemberSetting_2" time="66.217"/>
  <system-out/>
</testsuite> <!-- TestPackage.TestCase_TeamMemberSetting -->
